M:\CSE386\CSE386FINALPROJECTSTILGEKIEMRICKGJ\CSE386FINALPROJECTSTILGEKIEMRICKGJ\CSE386FINALPROJECTSTILGEKIEMRICKGJ\OPENGLCSE386\DEBUG\CONTROLLER.OBJ
M:\CSE386\CSE386FINALPROJECTSTILGEKIEMRICKGJ\CSE386FINALPROJECTSTILGEKIEMRICKGJ\CSE386FINALPROJECTSTILGEKIEMRICKGJ\OPENGLCSE386\DEBUG\CUBE.OBJ
M:\CSE386\CSE386FINALPROJECTSTILGEKIEMRICKGJ\CSE386FINALPROJECTSTILGEKIEMRICKGJ\CSE386FINALPROJECTSTILGEKIEMRICKGJ\OPENGLCSE386\DEBUG\CYLINDER.OBJ
M:\CSE386\CSE386FINALPROJECTSTILGEKIEMRICKGJ\CSE386FINALPROJECTSTILGEKIEMRICKGJ\CSE386FINALPROJECTSTILGEKIEMRICKGJ\OPENGLCSE386\DEBUG\FLOOR.OBJ
M:\CSE386\CSE386FINALPROJECTSTILGEKIEMRICKGJ\CSE386FINALPROJECTSTILGEKIEMRICKGJ\CSE386FINALPROJECTSTILGEKIEMRICKGJ\OPENGLCSE386\DEBUG\FLOOR2.OBJ
M:\CSE386\CSE386FINALPROJECTSTILGEKIEMRICKGJ\CSE386FINALPROJECTSTILGEKIEMRICKGJ\CSE386FINALPROJECTSTILGEKIEMRICKGJ\OPENGLCSE386\DEBUG\GLUTBASE.OBJ
M:\CSE386\CSE386FINALPROJECTSTILGEKIEMRICKGJ\CSE386FINALPROJECTSTILGEKIEMRICKGJ\CSE386FINALPROJECTSTILGEKIEMRICKGJ\OPENGLCSE386\DEBUG\MATERIAL.OBJ
M:\CSE386\CSE386FINALPROJECTSTILGEKIEMRICKGJ\CSE386FINALPROJECTSTILGEKIEMRICKGJ\CSE386FINALPROJECTSTILGEKIEMRICKGJ\OPENGLCSE386\DEBUG\OPENGLAPPLICATIONBASE.OBJ
M:\CSE386\CSE386FINALPROJECTSTILGEKIEMRICKGJ\CSE386FINALPROJECTSTILGEKIEMRICKGJ\CSE386FINALPROJECTSTILGEKIEMRICKGJ\OPENGLCSE386\DEBUG\ORBITCONTROLLER.OBJ
M:\CSE386\CSE386FINALPROJECTSTILGEKIEMRICKGJ\CSE386FINALPROJECTSTILGEKIEMRICKGJ\CSE386FINALPROJECTSTILGEKIEMRICKGJ\OPENGLCSE386\DEBUG\PLANET.OBJ
M:\CSE386\CSE386FINALPROJECTSTILGEKIEMRICKGJ\CSE386FINALPROJECTSTILGEKIEMRICKGJ\CSE386FINALPROJECTSTILGEKIEMRICKGJ\OPENGLCSE386\DEBUG\PYRAMID.OBJ
M:\CSE386\CSE386FINALPROJECTSTILGEKIEMRICKGJ\CSE386FINALPROJECTSTILGEKIEMRICKGJ\CSE386FINALPROJECTSTILGEKIEMRICKGJ\OPENGLCSE386\DEBUG\SHAREDGENERALLIGHTING.OBJ
M:\CSE386\CSE386FINALPROJECTSTILGEKIEMRICKGJ\CSE386FINALPROJECTSTILGEKIEMRICKGJ\CSE386FINALPROJECTSTILGEKIEMRICKGJ\OPENGLCSE386\DEBUG\SHAREDPROJECTIONANDVIEWING.OBJ
M:\CSE386\CSE386FINALPROJECTSTILGEKIEMRICKGJ\CSE386FINALPROJECTSTILGEKIEMRICKGJ\CSE386FINALPROJECTSTILGEKIEMRICKGJ\OPENGLCSE386\DEBUG\SPACESHIP.OBJ
M:\CSE386\CSE386FINALPROJECTSTILGEKIEMRICKGJ\CSE386FINALPROJECTSTILGEKIEMRICKGJ\CSE386FINALPROJECTSTILGEKIEMRICKGJ\OPENGLCSE386\DEBUG\SPHERE.OBJ
M:\CSE386\CSE386FINALPROJECTSTILGEKIEMRICKGJ\CSE386FINALPROJECTSTILGEKIEMRICKGJ\CSE386FINALPROJECTSTILGEKIEMRICKGJ\OPENGLCSE386\DEBUG\SPINNERCONTROLLER.OBJ
M:\CSE386\CSE386FINALPROJECTSTILGEKIEMRICKGJ\CSE386FINALPROJECTSTILGEKIEMRICKGJ\CSE386FINALPROJECTSTILGEKIEMRICKGJ\OPENGLCSE386\DEBUG\TEXTURECOORDINATES.OBJ
M:\CSE386\CSE386FINALPROJECTSTILGEKIEMRICKGJ\CSE386FINALPROJECTSTILGEKIEMRICKGJ\CSE386FINALPROJECTSTILGEKIEMRICKGJ\OPENGLCSE386\DEBUG\VISUALOBJECT.OBJ
M:\CSE386\CSE386FINALPROJECTSTILGEKIEMRICKGJ\CSE386FINALPROJECTSTILGEKIEMRICKGJ\CSE386FINALPROJECTSTILGEKIEMRICKGJ\OPENGLCSE386\DEBUG\WALL.OBJ
M:\CSE386\CSE386FINALPROJECTSTILGEKIEMRICKGJ\CSE386FINALPROJECTSTILGEKIEMRICKGJ\CSE386FINALPROJECTSTILGEKIEMRICKGJ\OPENGLCSE386\DEBUG\WAYPOINTCONTROLLER.OBJ
M:\CSE386\CSE386FINALPROJECTSTILGEKIEMRICKGJ\CSE386FINALPROJECTSTILGEKIEMRICKGJ\CSE386FINALPROJECTSTILGEKIEMRICKGJ\OPENGLCSE386\DEBUG\BITMAP_CLASS.OBJ
M:\CSE386\CSE386FINALPROJECTSTILGEKIEMRICKGJ\CSE386FINALPROJECTSTILGEKIEMRICKGJ\CSE386FINALPROJECTSTILGEKIEMRICKGJ\OPENGLCSE386\DEBUG\BUILDSHADERPROGRAM.OBJ
M:\CSE386\CSE386FINALPROJECTSTILGEKIEMRICKGJ\CSE386FINALPROJECTSTILGEKIEMRICKGJ\CSE386FINALPROJECTSTILGEKIEMRICKGJ\OPENGLCSE386\DEBUG\CONE.OBJ
M:\CSE386\CSE386FINALPROJECTSTILGEKIEMRICKGJ\CSE386FINALPROJECTSTILGEKIEMRICKGJ\CSE386FINALPROJECTSTILGEKIEMRICKGJ\OPENGLCSE386\DEBUG\VC110.PDB
M:\CSE386\CSE386FINALPROJECTSTILGEKIEMRICKGJ\CSE386FINALPROJECTSTILGEKIEMRICKGJ\CSE386FINALPROJECTSTILGEKIEMRICKGJ\DEBUG\OPENGLCSE386.LIB
M:\CSE386\CSE386FinalProjectStilgekiEmrickgj\CSE386FinalProjectStilgekiEmrickgj\CSE386FinalProjectStilgekiEmrickgj\OpenGlCse386\Debug\bitmap_class.obj
M:\CSE386\CSE386FinalProjectStilgekiEmrickgj\CSE386FinalProjectStilgekiEmrickgj\CSE386FinalProjectStilgekiEmrickgj\OpenGlCse386\Debug\BuildShaderProgram.obj
M:\CSE386\CSE386FinalProjectStilgekiEmrickgj\CSE386FinalProjectStilgekiEmrickgj\CSE386FinalProjectStilgekiEmrickgj\OpenGlCse386\Debug\Cone.obj
M:\CSE386\CSE386FinalProjectStilgekiEmrickgj\CSE386FinalProjectStilgekiEmrickgj\CSE386FinalProjectStilgekiEmrickgj\OpenGlCse386\Debug\Controller.obj
M:\CSE386\CSE386FinalProjectStilgekiEmrickgj\CSE386FinalProjectStilgekiEmrickgj\CSE386FinalProjectStilgekiEmrickgj\OpenGlCse386\Debug\Cube.obj
M:\CSE386\CSE386FinalProjectStilgekiEmrickgj\CSE386FinalProjectStilgekiEmrickgj\CSE386FinalProjectStilgekiEmrickgj\OpenGlCse386\Debug\Cylinder.obj
M:\CSE386\CSE386FinalProjectStilgekiEmrickgj\CSE386FinalProjectStilgekiEmrickgj\CSE386FinalProjectStilgekiEmrickgj\OpenGlCse386\Debug\Floor.obj
M:\CSE386\CSE386FinalProjectStilgekiEmrickgj\CSE386FinalProjectStilgekiEmrickgj\CSE386FinalProjectStilgekiEmrickgj\OpenGlCse386\Debug\Floor2.obj
M:\CSE386\CSE386FinalProjectStilgekiEmrickgj\CSE386FinalProjectStilgekiEmrickgj\CSE386FinalProjectStilgekiEmrickgj\OpenGlCse386\Debug\glutBase.obj
M:\CSE386\CSE386FinalProjectStilgekiEmrickgj\CSE386FinalProjectStilgekiEmrickgj\CSE386FinalProjectStilgekiEmrickgj\OpenGlCse386\Debug\Material.obj
M:\CSE386\CSE386FinalProjectStilgekiEmrickgj\CSE386FinalProjectStilgekiEmrickgj\CSE386FinalProjectStilgekiEmrickgj\OpenGlCse386\Debug\OpenGLApplicationBase.obj
M:\CSE386\CSE386FinalProjectStilgekiEmrickgj\CSE386FinalProjectStilgekiEmrickgj\CSE386FinalProjectStilgekiEmrickgj\OpenGlCse386\Debug\OrbitController.obj
M:\CSE386\CSE386FinalProjectStilgekiEmrickgj\CSE386FinalProjectStilgekiEmrickgj\CSE386FinalProjectStilgekiEmrickgj\OpenGlCse386\Debug\Planet.obj
M:\CSE386\CSE386FinalProjectStilgekiEmrickgj\CSE386FinalProjectStilgekiEmrickgj\CSE386FinalProjectStilgekiEmrickgj\OpenGlCse386\Debug\Pyramid.obj
M:\CSE386\CSE386FinalProjectStilgekiEmrickgj\CSE386FinalProjectStilgekiEmrickgj\CSE386FinalProjectStilgekiEmrickgj\OpenGlCse386\Debug\SharedGeneralLighting.obj
M:\CSE386\CSE386FinalProjectStilgekiEmrickgj\CSE386FinalProjectStilgekiEmrickgj\CSE386FinalProjectStilgekiEmrickgj\OpenGlCse386\Debug\SharedProjectionAndViewing.obj
M:\CSE386\CSE386FinalProjectStilgekiEmrickgj\CSE386FinalProjectStilgekiEmrickgj\CSE386FinalProjectStilgekiEmrickgj\OpenGlCse386\Debug\SpaceShip.obj
M:\CSE386\CSE386FinalProjectStilgekiEmrickgj\CSE386FinalProjectStilgekiEmrickgj\CSE386FinalProjectStilgekiEmrickgj\OpenGlCse386\Debug\Sphere.obj
M:\CSE386\CSE386FinalProjectStilgekiEmrickgj\CSE386FinalProjectStilgekiEmrickgj\CSE386FinalProjectStilgekiEmrickgj\OpenGlCse386\Debug\SpinnerController.obj
M:\CSE386\CSE386FinalProjectStilgekiEmrickgj\CSE386FinalProjectStilgekiEmrickgj\CSE386FinalProjectStilgekiEmrickgj\OpenGlCse386\Debug\textureCoordinates.obj
M:\CSE386\CSE386FinalProjectStilgekiEmrickgj\CSE386FinalProjectStilgekiEmrickgj\CSE386FinalProjectStilgekiEmrickgj\OpenGlCse386\Debug\VisualObject.obj
M:\CSE386\CSE386FinalProjectStilgekiEmrickgj\CSE386FinalProjectStilgekiEmrickgj\CSE386FinalProjectStilgekiEmrickgj\OpenGlCse386\Debug\Wall.obj
M:\CSE386\CSE386FinalProjectStilgekiEmrickgj\CSE386FinalProjectStilgekiEmrickgj\CSE386FinalProjectStilgekiEmrickgj\OpenGlCse386\Debug\WaypointController.obj
M:\CSE386\CSE386FinalProjectStilgekiEmrickgj\CSE386FinalProjectStilgekiEmrickgj\CSE386FinalProjectStilgekiEmrickgj\OpenGlCse386\Debug\cl.command.1.tlog
M:\CSE386\CSE386FinalProjectStilgekiEmrickgj\CSE386FinalProjectStilgekiEmrickgj\CSE386FinalProjectStilgekiEmrickgj\OpenGlCse386\Debug\CL.read.1.tlog
M:\CSE386\CSE386FinalProjectStilgekiEmrickgj\CSE386FinalProjectStilgekiEmrickgj\CSE386FinalProjectStilgekiEmrickgj\OpenGlCse386\Debug\CL.write.1.tlog
M:\CSE386\CSE386FinalProjectStilgekiEmrickgj\CSE386FinalProjectStilgekiEmrickgj\CSE386FinalProjectStilgekiEmrickgj\OpenGlCse386\Debug\Lib-link.read.1.tlog
M:\CSE386\CSE386FinalProjectStilgekiEmrickgj\CSE386FinalProjectStilgekiEmrickgj\CSE386FinalProjectStilgekiEmrickgj\OpenGlCse386\Debug\Lib-link.write.1.tlog
M:\CSE386\CSE386FinalProjectStilgekiEmrickgj\CSE386FinalProjectStilgekiEmrickgj\CSE386FinalProjectStilgekiEmrickgj\OpenGlCse386\Debug\lib.command.1.tlog
M:\CSE386\CSE386FinalProjectStilgekiEmrickgj\CSE386FinalProjectStilgekiEmrickgj\CSE386FinalProjectStilgekiEmrickgj\OpenGlCse386\Debug\vc110.idb
M:\CSE386\CSE386FinalProjectStilgekiEmrickgj\CSE386FinalProjectStilgekiEmrickgj\CSE386FinalProjectStilgekiEmrickgj\OpenGlCse386\Debug\vc110.pdb
M:\CSE386\CSE386FinalProjectStilgekiEmrickgj\CSE386FinalProjectStilgekiEmrickgj\CSE386FinalProjectStilgekiEmrickgj\Debug\OpenGlCse386.lib
