M:\OPENGLCSE386\STILGEKILAB8\DEBUG\STILGEKILAB8.OBJ
M:\OPENGLCSE386\STILGEKILAB8\DEBUG\VC110.PDB
M:\OPENGLCSE386\STILGEKILAB9\DEBUG\STILGEKILAB9.OBJ
M:\OPENGLCSE386\STILGEKILAB9\DEBUG\VC110.PDB
M:\OPENGLCSE386\DEBUG\STILGEKILAB8.ILK
M:\OPENGLCSE386\DEBUG\STILGEKILAB8.EXE
M:\OPENGLCSE386\DEBUG\STILGEKILAB8.PDB
M:\OpenGlCse386\stilgekiLab9\Debug\stilgekiLab8.obj
M:\OpenGlCse386\stilgekiLab9\Debug\stilgekiLab9.obj
M:\OpenGlCse386\stilgekiLab9\Debug\cl.command.1.tlog
M:\OpenGlCse386\stilgekiLab9\Debug\CL.read.1.tlog
M:\OpenGlCse386\stilgekiLab9\Debug\CL.write.1.tlog
M:\OpenGlCse386\stilgekiLab9\Debug\link-cvtres.read.1.tlog
M:\OpenGlCse386\stilgekiLab9\Debug\link-cvtres.write.1.tlog
M:\OpenGlCse386\stilgekiLab9\Debug\link-rc.read.1.tlog
M:\OpenGlCse386\stilgekiLab9\Debug\link-rc.write.1.tlog
M:\OpenGlCse386\stilgekiLab9\Debug\link.2652-cvtres.read.1.tlog
M:\OpenGlCse386\stilgekiLab9\Debug\link.2652-cvtres.write.1.tlog
M:\OpenGlCse386\stilgekiLab9\Debug\link.2652-rc.read.1.tlog
M:\OpenGlCse386\stilgekiLab9\Debug\link.2652-rc.write.1.tlog
M:\OpenGlCse386\stilgekiLab9\Debug\link.2652.read.1.tlog
M:\OpenGlCse386\stilgekiLab9\Debug\link.2652.write.1.tlog
M:\OpenGlCse386\stilgekiLab9\Debug\link.3580-cvtres.read.1.tlog
M:\OpenGlCse386\stilgekiLab9\Debug\link.3580-cvtres.write.1.tlog
M:\OpenGlCse386\stilgekiLab9\Debug\link.3580-rc.read.1.tlog
M:\OpenGlCse386\stilgekiLab9\Debug\link.3580-rc.write.1.tlog
M:\OpenGlCse386\stilgekiLab9\Debug\link.3580.read.1.tlog
M:\OpenGlCse386\stilgekiLab9\Debug\link.3580.write.1.tlog
M:\OpenGlCse386\stilgekiLab9\Debug\link.4184-cvtres.read.1.tlog
M:\OpenGlCse386\stilgekiLab9\Debug\link.4184-cvtres.write.1.tlog
M:\OpenGlCse386\stilgekiLab9\Debug\link.4184-rc.read.1.tlog
M:\OpenGlCse386\stilgekiLab9\Debug\link.4184-rc.write.1.tlog
M:\OpenGlCse386\stilgekiLab9\Debug\link.4184.read.1.tlog
M:\OpenGlCse386\stilgekiLab9\Debug\link.4184.write.1.tlog
M:\OpenGlCse386\stilgekiLab9\Debug\link.5152-cvtres.read.1.tlog
M:\OpenGlCse386\stilgekiLab9\Debug\link.5152-cvtres.write.1.tlog
M:\OpenGlCse386\stilgekiLab9\Debug\link.5152-rc.read.1.tlog
M:\OpenGlCse386\stilgekiLab9\Debug\link.5152-rc.write.1.tlog
M:\OpenGlCse386\stilgekiLab9\Debug\link.5152.read.1.tlog
M:\OpenGlCse386\stilgekiLab9\Debug\link.5152.write.1.tlog
M:\OpenGlCse386\stilgekiLab9\Debug\link.5276-cvtres.read.1.tlog
M:\OpenGlCse386\stilgekiLab9\Debug\link.5276-cvtres.write.1.tlog
M:\OpenGlCse386\stilgekiLab9\Debug\link.5276-rc.read.1.tlog
M:\OpenGlCse386\stilgekiLab9\Debug\link.5276-rc.write.1.tlog
M:\OpenGlCse386\stilgekiLab9\Debug\link.5276.read.1.tlog
M:\OpenGlCse386\stilgekiLab9\Debug\link.5276.write.1.tlog
M:\OpenGlCse386\stilgekiLab9\Debug\link.5608-cvtres.read.1.tlog
M:\OpenGlCse386\stilgekiLab9\Debug\link.5608-cvtres.write.1.tlog
M:\OpenGlCse386\stilgekiLab9\Debug\link.5608-rc.read.1.tlog
M:\OpenGlCse386\stilgekiLab9\Debug\link.5608-rc.write.1.tlog
M:\OpenGlCse386\stilgekiLab9\Debug\link.5608.read.1.tlog
M:\OpenGlCse386\stilgekiLab9\Debug\link.5608.write.1.tlog
M:\OpenGlCse386\stilgekiLab9\Debug\link.5824-cvtres.read.1.tlog
M:\OpenGlCse386\stilgekiLab9\Debug\link.5824-cvtres.write.1.tlog
M:\OpenGlCse386\stilgekiLab9\Debug\link.5824-rc.read.1.tlog
M:\OpenGlCse386\stilgekiLab9\Debug\link.5824-rc.write.1.tlog
M:\OpenGlCse386\stilgekiLab9\Debug\link.5824.read.1.tlog
M:\OpenGlCse386\stilgekiLab9\Debug\link.5824.write.1.tlog
M:\OpenGlCse386\stilgekiLab9\Debug\link.6348-cvtres.read.1.tlog
M:\OpenGlCse386\stilgekiLab9\Debug\link.6348-cvtres.write.1.tlog
M:\OpenGlCse386\stilgekiLab9\Debug\link.6348-rc.read.1.tlog
M:\OpenGlCse386\stilgekiLab9\Debug\link.6348-rc.write.1.tlog
M:\OpenGlCse386\stilgekiLab9\Debug\link.6348.read.1.tlog
M:\OpenGlCse386\stilgekiLab9\Debug\link.6348.write.1.tlog
M:\OpenGlCse386\stilgekiLab9\Debug\link.7068-cvtres.read.1.tlog
M:\OpenGlCse386\stilgekiLab9\Debug\link.7068-cvtres.write.1.tlog
M:\OpenGlCse386\stilgekiLab9\Debug\link.7068-rc.read.1.tlog
M:\OpenGlCse386\stilgekiLab9\Debug\link.7068-rc.write.1.tlog
M:\OpenGlCse386\stilgekiLab9\Debug\link.7068.read.1.tlog
M:\OpenGlCse386\stilgekiLab9\Debug\link.7068.write.1.tlog
M:\OpenGlCse386\stilgekiLab9\Debug\link.8624.8632.read.1.tlog
M:\OpenGlCse386\stilgekiLab9\Debug\link.8624.8632.write.1.tlog
M:\OpenGlCse386\stilgekiLab9\Debug\link.8624.read.1.tlog
M:\OpenGlCse386\stilgekiLab9\Debug\link.8624.write.1.tlog
M:\OpenGlCse386\stilgekiLab9\Debug\link.command.1.tlog
M:\OpenGlCse386\stilgekiLab9\Debug\link.read.1.tlog
M:\OpenGlCse386\stilgekiLab9\Debug\link.write.1.tlog
M:\OpenGlCse386\stilgekiLab9\Debug\vc110.idb
M:\OpenGlCse386\stilgekiLab9\Debug\vc110.pdb
M:\OpenGlCse386\Debug\stilgekiLab9.pdb
M:\OpenGlCse386\Debug\stilgekiLab9.ilk
