M:\OPENGLCSE386\STILGEKILAB8\DEBUG\STILGEKILAB8.OBJ
M:\OPENGLCSE386\STILGEKILAB8\DEBUG\VC110.PDB
M:\OPENGLCSE386\DEBUG\STILGEKILAB8.ILK
M:\OPENGLCSE386\DEBUG\STILGEKILAB8.EXE
M:\OPENGLCSE386\DEBUG\STILGEKILAB8.PDB
M:\OpenGlCse386\stilgekiLab8\Debug\stilgekiLab8.obj
M:\OpenGlCse386\stilgekiLab8\Debug\cl.command.1.tlog
M:\OpenGlCse386\stilgekiLab8\Debug\CL.read.1.tlog
M:\OpenGlCse386\stilgekiLab8\Debug\CL.write.1.tlog
M:\OpenGlCse386\stilgekiLab8\Debug\link-cvtres.read.1.tlog
M:\OpenGlCse386\stilgekiLab8\Debug\link-cvtres.write.1.tlog
M:\OpenGlCse386\stilgekiLab8\Debug\link-rc.read.1.tlog
M:\OpenGlCse386\stilgekiLab8\Debug\link-rc.write.1.tlog
M:\OpenGlCse386\stilgekiLab8\Debug\link.3456-cvtres.read.1.tlog
M:\OpenGlCse386\stilgekiLab8\Debug\link.3456-cvtres.write.1.tlog
M:\OpenGlCse386\stilgekiLab8\Debug\link.3456-rc.read.1.tlog
M:\OpenGlCse386\stilgekiLab8\Debug\link.3456-rc.write.1.tlog
M:\OpenGlCse386\stilgekiLab8\Debug\link.3456.read.1.tlog
M:\OpenGlCse386\stilgekiLab8\Debug\link.3456.write.1.tlog
M:\OpenGlCse386\stilgekiLab8\Debug\link.5092.read.1.tlog
M:\OpenGlCse386\stilgekiLab8\Debug\link.5092.write.1.tlog
M:\OpenGlCse386\stilgekiLab8\Debug\link.5336-cvtres.read.1.tlog
M:\OpenGlCse386\stilgekiLab8\Debug\link.5336-cvtres.write.1.tlog
M:\OpenGlCse386\stilgekiLab8\Debug\link.5336-rc.read.1.tlog
M:\OpenGlCse386\stilgekiLab8\Debug\link.5336-rc.write.1.tlog
M:\OpenGlCse386\stilgekiLab8\Debug\link.5336.read.1.tlog
M:\OpenGlCse386\stilgekiLab8\Debug\link.5336.write.1.tlog
M:\OpenGlCse386\stilgekiLab8\Debug\link.command.1.tlog
M:\OpenGlCse386\stilgekiLab8\Debug\link.read.1.tlog
M:\OpenGlCse386\stilgekiLab8\Debug\link.write.1.tlog
M:\OpenGlCse386\stilgekiLab8\Debug\vc110.idb
M:\OpenGlCse386\stilgekiLab8\Debug\vc110.pdb
M:\OpenGlCse386\Debug\stilgekiLab8.pdb
M:\OpenGlCse386\Debug\stilgekiLab8.exe
M:\OpenGlCse386\Debug\stilgekiLab8.ilk
