M:\OPENGLCSE386\STILGEKILAB9\DEBUG\STILGEKILAB9.OBJ
M:\OPENGLCSE386\STILGEKILAB9\DEBUG\VC110.PDB
M:\OPENGLCSE386\STILGEKILAB10\DEBUG\STILGEKILAB9.OBJ
M:\OPENGLCSE386\STILGEKILAB10\DEBUG\VC110.PDB
M:\OPENGLCSE386\STILGEKILAB10\DEBUG\STILGEKILAB10.OBJ
C:\USERS\STILGEKI\DESKTOP\CSE386LABTENELEVENSTILGEKI\STILGEKILAB10\DEBUG\STILGEKILAB10.OBJ
C:\USERS\STILGEKI\DESKTOP\CSE386LABTENELEVENSTILGEKI\STILGEKILAB10\DEBUG\VC110.PDB
M:\OPENGLCSE386\DEBUG\STILGEKILAB9.ILK
M:\OPENGLCSE386\DEBUG\STILGEKILAB9.EXE
M:\OPENGLCSE386\DEBUG\STILGEKILAB9.PDB
M:\OPENGLCSE386\DEBUG\STILGEKILAB10.ILK
M:\OPENGLCSE386\DEBUG\STILGEKILAB10.EXE
M:\OPENGLCSE386\DEBUG\STILGEKILAB10.PDB
C:\USERS\STILGEKI\DESKTOP\CSE386LABTENELEVENSTILGEKI\DEBUG\STILGEKILAB10.ILK
C:\USERS\STILGEKI\DESKTOP\CSE386LABTENELEVENSTILGEKI\DEBUG\STILGEKILAB10.EXE
C:\USERS\STILGEKI\DESKTOP\CSE386LABTENELEVENSTILGEKI\DEBUG\STILGEKILAB10.PDB
C:\Users\stilgeki\Desktop\CSE386LabTenElevenStilgeki\stilgekiLab10\Debug\stilgekiLab10.obj
C:\Users\stilgeki\Desktop\CSE386LabTenElevenStilgeki\stilgekiLab10\Debug\stilgekiLab9.obj
C:\Users\stilgeki\Desktop\CSE386LabTenElevenStilgeki\stilgekiLab10\Debug\cl.command.1.tlog
C:\Users\stilgeki\Desktop\CSE386LabTenElevenStilgeki\stilgekiLab10\Debug\CL.read.1.tlog
C:\Users\stilgeki\Desktop\CSE386LabTenElevenStilgeki\stilgekiLab10\Debug\CL.write.1.tlog
C:\Users\stilgeki\Desktop\CSE386LabTenElevenStilgeki\stilgekiLab10\Debug\link-cvtres.read.1.tlog
C:\Users\stilgeki\Desktop\CSE386LabTenElevenStilgeki\stilgekiLab10\Debug\link-cvtres.write.1.tlog
C:\Users\stilgeki\Desktop\CSE386LabTenElevenStilgeki\stilgekiLab10\Debug\link-rc.read.1.tlog
C:\Users\stilgeki\Desktop\CSE386LabTenElevenStilgeki\stilgekiLab10\Debug\link-rc.write.1.tlog
C:\Users\stilgeki\Desktop\CSE386LabTenElevenStilgeki\stilgekiLab10\Debug\link.1712-cvtres.read.1.tlog
C:\Users\stilgeki\Desktop\CSE386LabTenElevenStilgeki\stilgekiLab10\Debug\link.1712-cvtres.write.1.tlog
C:\Users\stilgeki\Desktop\CSE386LabTenElevenStilgeki\stilgekiLab10\Debug\link.1712-rc.read.1.tlog
C:\Users\stilgeki\Desktop\CSE386LabTenElevenStilgeki\stilgekiLab10\Debug\link.1712-rc.write.1.tlog
C:\Users\stilgeki\Desktop\CSE386LabTenElevenStilgeki\stilgekiLab10\Debug\link.1712.read.1.tlog
C:\Users\stilgeki\Desktop\CSE386LabTenElevenStilgeki\stilgekiLab10\Debug\link.1712.write.1.tlog
C:\Users\stilgeki\Desktop\CSE386LabTenElevenStilgeki\stilgekiLab10\Debug\link.2208-cvtres.read.1.tlog
C:\Users\stilgeki\Desktop\CSE386LabTenElevenStilgeki\stilgekiLab10\Debug\link.2208-cvtres.write.1.tlog
C:\Users\stilgeki\Desktop\CSE386LabTenElevenStilgeki\stilgekiLab10\Debug\link.2208-rc.read.1.tlog
C:\Users\stilgeki\Desktop\CSE386LabTenElevenStilgeki\stilgekiLab10\Debug\link.2208-rc.write.1.tlog
C:\Users\stilgeki\Desktop\CSE386LabTenElevenStilgeki\stilgekiLab10\Debug\link.2208.read.1.tlog
C:\Users\stilgeki\Desktop\CSE386LabTenElevenStilgeki\stilgekiLab10\Debug\link.2208.write.1.tlog
C:\Users\stilgeki\Desktop\CSE386LabTenElevenStilgeki\stilgekiLab10\Debug\link.3848-cvtres.read.1.tlog
C:\Users\stilgeki\Desktop\CSE386LabTenElevenStilgeki\stilgekiLab10\Debug\link.3848-cvtres.write.1.tlog
C:\Users\stilgeki\Desktop\CSE386LabTenElevenStilgeki\stilgekiLab10\Debug\link.3848-rc.read.1.tlog
C:\Users\stilgeki\Desktop\CSE386LabTenElevenStilgeki\stilgekiLab10\Debug\link.3848-rc.write.1.tlog
C:\Users\stilgeki\Desktop\CSE386LabTenElevenStilgeki\stilgekiLab10\Debug\link.3848.read.1.tlog
C:\Users\stilgeki\Desktop\CSE386LabTenElevenStilgeki\stilgekiLab10\Debug\link.3848.write.1.tlog
C:\Users\stilgeki\Desktop\CSE386LabTenElevenStilgeki\stilgekiLab10\Debug\link.4268-cvtres.read.1.tlog
C:\Users\stilgeki\Desktop\CSE386LabTenElevenStilgeki\stilgekiLab10\Debug\link.4268-cvtres.write.1.tlog
C:\Users\stilgeki\Desktop\CSE386LabTenElevenStilgeki\stilgekiLab10\Debug\link.4268-rc.read.1.tlog
C:\Users\stilgeki\Desktop\CSE386LabTenElevenStilgeki\stilgekiLab10\Debug\link.4268-rc.write.1.tlog
C:\Users\stilgeki\Desktop\CSE386LabTenElevenStilgeki\stilgekiLab10\Debug\link.4268.read.1.tlog
C:\Users\stilgeki\Desktop\CSE386LabTenElevenStilgeki\stilgekiLab10\Debug\link.4268.write.1.tlog
C:\Users\stilgeki\Desktop\CSE386LabTenElevenStilgeki\stilgekiLab10\Debug\link.5160-cvtres.read.1.tlog
C:\Users\stilgeki\Desktop\CSE386LabTenElevenStilgeki\stilgekiLab10\Debug\link.5160-cvtres.write.1.tlog
C:\Users\stilgeki\Desktop\CSE386LabTenElevenStilgeki\stilgekiLab10\Debug\link.5160-rc.read.1.tlog
C:\Users\stilgeki\Desktop\CSE386LabTenElevenStilgeki\stilgekiLab10\Debug\link.5160-rc.write.1.tlog
C:\Users\stilgeki\Desktop\CSE386LabTenElevenStilgeki\stilgekiLab10\Debug\link.5160.read.1.tlog
C:\Users\stilgeki\Desktop\CSE386LabTenElevenStilgeki\stilgekiLab10\Debug\link.5160.write.1.tlog
C:\Users\stilgeki\Desktop\CSE386LabTenElevenStilgeki\stilgekiLab10\Debug\link.5172-cvtres.read.1.tlog
C:\Users\stilgeki\Desktop\CSE386LabTenElevenStilgeki\stilgekiLab10\Debug\link.5172-cvtres.write.1.tlog
C:\Users\stilgeki\Desktop\CSE386LabTenElevenStilgeki\stilgekiLab10\Debug\link.5172-rc.read.1.tlog
C:\Users\stilgeki\Desktop\CSE386LabTenElevenStilgeki\stilgekiLab10\Debug\link.5172-rc.write.1.tlog
C:\Users\stilgeki\Desktop\CSE386LabTenElevenStilgeki\stilgekiLab10\Debug\link.5172.read.1.tlog
C:\Users\stilgeki\Desktop\CSE386LabTenElevenStilgeki\stilgekiLab10\Debug\link.5172.write.1.tlog
C:\Users\stilgeki\Desktop\CSE386LabTenElevenStilgeki\stilgekiLab10\Debug\link.6040-cvtres.read.1.tlog
C:\Users\stilgeki\Desktop\CSE386LabTenElevenStilgeki\stilgekiLab10\Debug\link.6040-cvtres.write.1.tlog
C:\Users\stilgeki\Desktop\CSE386LabTenElevenStilgeki\stilgekiLab10\Debug\link.6040-rc.read.1.tlog
C:\Users\stilgeki\Desktop\CSE386LabTenElevenStilgeki\stilgekiLab10\Debug\link.6040-rc.write.1.tlog
C:\Users\stilgeki\Desktop\CSE386LabTenElevenStilgeki\stilgekiLab10\Debug\link.6040.read.1.tlog
C:\Users\stilgeki\Desktop\CSE386LabTenElevenStilgeki\stilgekiLab10\Debug\link.6040.write.1.tlog
C:\Users\stilgeki\Desktop\CSE386LabTenElevenStilgeki\stilgekiLab10\Debug\link.6232-cvtres.read.1.tlog
C:\Users\stilgeki\Desktop\CSE386LabTenElevenStilgeki\stilgekiLab10\Debug\link.6232-cvtres.write.1.tlog
C:\Users\stilgeki\Desktop\CSE386LabTenElevenStilgeki\stilgekiLab10\Debug\link.6232-rc.read.1.tlog
C:\Users\stilgeki\Desktop\CSE386LabTenElevenStilgeki\stilgekiLab10\Debug\link.6232-rc.write.1.tlog
C:\Users\stilgeki\Desktop\CSE386LabTenElevenStilgeki\stilgekiLab10\Debug\link.6232.read.1.tlog
C:\Users\stilgeki\Desktop\CSE386LabTenElevenStilgeki\stilgekiLab10\Debug\link.6232.write.1.tlog
C:\Users\stilgeki\Desktop\CSE386LabTenElevenStilgeki\stilgekiLab10\Debug\link.6280-cvtres.read.1.tlog
C:\Users\stilgeki\Desktop\CSE386LabTenElevenStilgeki\stilgekiLab10\Debug\link.6280-cvtres.write.1.tlog
C:\Users\stilgeki\Desktop\CSE386LabTenElevenStilgeki\stilgekiLab10\Debug\link.6280-rc.read.1.tlog
C:\Users\stilgeki\Desktop\CSE386LabTenElevenStilgeki\stilgekiLab10\Debug\link.6280-rc.write.1.tlog
C:\Users\stilgeki\Desktop\CSE386LabTenElevenStilgeki\stilgekiLab10\Debug\link.6280.read.1.tlog
C:\Users\stilgeki\Desktop\CSE386LabTenElevenStilgeki\stilgekiLab10\Debug\link.6280.write.1.tlog
C:\Users\stilgeki\Desktop\CSE386LabTenElevenStilgeki\stilgekiLab10\Debug\link.6284-cvtres.read.1.tlog
C:\Users\stilgeki\Desktop\CSE386LabTenElevenStilgeki\stilgekiLab10\Debug\link.6284-cvtres.write.1.tlog
C:\Users\stilgeki\Desktop\CSE386LabTenElevenStilgeki\stilgekiLab10\Debug\link.6284-rc.read.1.tlog
C:\Users\stilgeki\Desktop\CSE386LabTenElevenStilgeki\stilgekiLab10\Debug\link.6284-rc.write.1.tlog
C:\Users\stilgeki\Desktop\CSE386LabTenElevenStilgeki\stilgekiLab10\Debug\link.6284.read.1.tlog
C:\Users\stilgeki\Desktop\CSE386LabTenElevenStilgeki\stilgekiLab10\Debug\link.6284.write.1.tlog
C:\Users\stilgeki\Desktop\CSE386LabTenElevenStilgeki\stilgekiLab10\Debug\link.6308-cvtres.read.1.tlog
C:\Users\stilgeki\Desktop\CSE386LabTenElevenStilgeki\stilgekiLab10\Debug\link.6308-cvtres.write.1.tlog
C:\Users\stilgeki\Desktop\CSE386LabTenElevenStilgeki\stilgekiLab10\Debug\link.6308-rc.read.1.tlog
C:\Users\stilgeki\Desktop\CSE386LabTenElevenStilgeki\stilgekiLab10\Debug\link.6308-rc.write.1.tlog
C:\Users\stilgeki\Desktop\CSE386LabTenElevenStilgeki\stilgekiLab10\Debug\link.6308.read.1.tlog
C:\Users\stilgeki\Desktop\CSE386LabTenElevenStilgeki\stilgekiLab10\Debug\link.6308.write.1.tlog
C:\Users\stilgeki\Desktop\CSE386LabTenElevenStilgeki\stilgekiLab10\Debug\link.7244-cvtres.read.1.tlog
C:\Users\stilgeki\Desktop\CSE386LabTenElevenStilgeki\stilgekiLab10\Debug\link.7244-cvtres.write.1.tlog
C:\Users\stilgeki\Desktop\CSE386LabTenElevenStilgeki\stilgekiLab10\Debug\link.7244-rc.read.1.tlog
C:\Users\stilgeki\Desktop\CSE386LabTenElevenStilgeki\stilgekiLab10\Debug\link.7244-rc.write.1.tlog
C:\Users\stilgeki\Desktop\CSE386LabTenElevenStilgeki\stilgekiLab10\Debug\link.7244.read.1.tlog
C:\Users\stilgeki\Desktop\CSE386LabTenElevenStilgeki\stilgekiLab10\Debug\link.7244.write.1.tlog
C:\Users\stilgeki\Desktop\CSE386LabTenElevenStilgeki\stilgekiLab10\Debug\link.7520-cvtres.read.1.tlog
C:\Users\stilgeki\Desktop\CSE386LabTenElevenStilgeki\stilgekiLab10\Debug\link.7520-cvtres.write.1.tlog
C:\Users\stilgeki\Desktop\CSE386LabTenElevenStilgeki\stilgekiLab10\Debug\link.7520-rc.read.1.tlog
C:\Users\stilgeki\Desktop\CSE386LabTenElevenStilgeki\stilgekiLab10\Debug\link.7520-rc.write.1.tlog
C:\Users\stilgeki\Desktop\CSE386LabTenElevenStilgeki\stilgekiLab10\Debug\link.7520.read.1.tlog
C:\Users\stilgeki\Desktop\CSE386LabTenElevenStilgeki\stilgekiLab10\Debug\link.7520.write.1.tlog
C:\Users\stilgeki\Desktop\CSE386LabTenElevenStilgeki\stilgekiLab10\Debug\link.7796-cvtres.read.1.tlog
C:\Users\stilgeki\Desktop\CSE386LabTenElevenStilgeki\stilgekiLab10\Debug\link.7796-cvtres.write.1.tlog
C:\Users\stilgeki\Desktop\CSE386LabTenElevenStilgeki\stilgekiLab10\Debug\link.7796-rc.read.1.tlog
C:\Users\stilgeki\Desktop\CSE386LabTenElevenStilgeki\stilgekiLab10\Debug\link.7796-rc.write.1.tlog
C:\Users\stilgeki\Desktop\CSE386LabTenElevenStilgeki\stilgekiLab10\Debug\link.7796.read.1.tlog
C:\Users\stilgeki\Desktop\CSE386LabTenElevenStilgeki\stilgekiLab10\Debug\link.7796.write.1.tlog
C:\Users\stilgeki\Desktop\CSE386LabTenElevenStilgeki\stilgekiLab10\Debug\link.976-cvtres.read.1.tlog
C:\Users\stilgeki\Desktop\CSE386LabTenElevenStilgeki\stilgekiLab10\Debug\link.976-cvtres.write.1.tlog
C:\Users\stilgeki\Desktop\CSE386LabTenElevenStilgeki\stilgekiLab10\Debug\link.976-rc.read.1.tlog
C:\Users\stilgeki\Desktop\CSE386LabTenElevenStilgeki\stilgekiLab10\Debug\link.976-rc.write.1.tlog
C:\Users\stilgeki\Desktop\CSE386LabTenElevenStilgeki\stilgekiLab10\Debug\link.976.read.1.tlog
C:\Users\stilgeki\Desktop\CSE386LabTenElevenStilgeki\stilgekiLab10\Debug\link.976.write.1.tlog
C:\Users\stilgeki\Desktop\CSE386LabTenElevenStilgeki\stilgekiLab10\Debug\link.command.1.tlog
C:\Users\stilgeki\Desktop\CSE386LabTenElevenStilgeki\stilgekiLab10\Debug\link.read.1.tlog
C:\Users\stilgeki\Desktop\CSE386LabTenElevenStilgeki\stilgekiLab10\Debug\link.write.1.tlog
C:\Users\stilgeki\Desktop\CSE386LabTenElevenStilgeki\stilgekiLab10\Debug\vc110.idb
C:\Users\stilgeki\Desktop\CSE386LabTenElevenStilgeki\stilgekiLab10\Debug\vc110.pdb
C:\Users\stilgeki\Desktop\CSE386LabTenElevenStilgeki\Debug\stilgekiLab10.pdb
C:\Users\stilgeki\Desktop\CSE386LabTenElevenStilgeki\Debug\stilgekiLab10.exe
C:\Users\stilgeki\Desktop\CSE386LabTenElevenStilgeki\Debug\stilgekiLab10.ilk
